<?xml version="1.0" encoding="UTF-8"?>
<!-- Generated by org.testng.reporters.JUnitXMLReporter -->
<testsuite hostname="DESKTOP-HKGVMGB" ignored="3" name="Default test(failed)" tests="1" failures="0" timestamp="2020-04-05T17:37:39 IST" time="85.704" errors="0">
  <testcase name="tapOnActiveRAC" time="68.329" classname="com.jch.rac.tests.HomeTest"/>
  <testcase name="getConfiguredRACList" time="0.0" classname="com.jch.rac.tests.HomeTest">
    <ignored/>
  </testcase> <!-- getConfiguredRACList -->
  <testcase name="turnOnTheRAC" time="0.0" classname="com.jch.rac.tests.HomeTest">
    <ignored/>
  </testcase> <!-- turnOnTheRAC -->
  <testcase name="checkRACStatus" time="0.0" classname="com.jch.rac.tests.HomeTest">
    <ignored/>
  </testcase> <!-- checkRACStatus -->
</testsuite> <!-- Default test(failed) -->
