<?xml version="1.0" encoding="UTF-8"?>
<!-- Generated by org.testng.reporters.JUnitXMLReporter -->
<testsuite hostname="DESKTOP-HKGVMGB" ignored="6" name="Default test(failed)(failed)(failed)(failed)(failed)(failed)(failed)(failed)(failed)" tests="1" failures="1" timestamp="2020-04-04T21:26:47 IST" time="77.32" errors="0">
  <testcase name="changeTheIDUModeToCooling" time="64.707" classname="com.jch.rac.tests.IDUControllerTest">
    <failure type="org.openqa.selenium.StaleElementReferenceException" message="The element &amp;apos;By.xpath: //android.view.ViewGroup[@resource-id=&amp;apos;com.jch_hitachi.aircloudglobal:id/constraintLayout23&amp;apos;]/android.view.ViewGroup/android.widget.TextView[@text=&amp;apos;4&amp;apos;]&amp;apos; does not exist in DOM anymore
For documentation on this error, please visit: https://www.seleniumhq.org/exceptions/stale_element_reference.html
Build info: version: &amp;apos;3.141.59&amp;apos;, revision: &amp;apos;e82be7d358&amp;apos;, time: &amp;apos;2018-11-14T08:25:48&amp;apos;
System info: host: &amp;apos;DESKTOP-HKGVMGB&amp;apos;, ip: &amp;apos;192.168.1.105&amp;apos;, os.name: &amp;apos;Windows 10&amp;apos;, os.arch: &amp;apos;amd64&amp;apos;, os.version: &amp;apos;10.0&amp;apos;, java.version: &amp;apos;1.8.0_202&amp;apos;
Driver info: io.appium.java_client.android.AndroidDriver
Capabilities {appActivity: com.jch.racWiFi.SplashActivity, appPackage: com.jch_hitachi.aircloudglobal, databaseEnabled: false, desired: {appActivity: com.jch.racWiFi.SplashActivity, appPackage: com.jch_hitachi.aircloudglobal, deviceName: My Phone, noReset: true, platformName: android, platformVersion: 10.0, udid: aa179bf0}, deviceApiLevel: 29, deviceManufacturer: OnePlus, deviceModel: GM1911, deviceName: aa179bf0, deviceScreenDensity: 560, deviceScreenSize: 1440x3120, deviceUDID: aa179bf0, javascriptEnabled: true, locationContextEnabled: false, networkConnectionEnabled: true, noReset: true, pixelRatio: 3.5, platform: LINUX, platformName: Android, platformVersion: 10, statBarHeight: 128, takesScreenshot: true, udid: aa179bf0, viewportRect: {height: 2796, left: 0, top: 128, width: 1440}, warnings: {}, webStorageEnabled: false}
Session ID: 34216f57-edf1-4327-ad84-0641b3b39e7e">
      <![CDATA[org.openqa.selenium.StaleElementReferenceException: The element 'By.xpath: //android.view.ViewGroup[@resource-id='com.jch_hitachi.aircloudglobal:id/constraintLayout23']/android.view.ViewGroup/android.widget.TextView[@text='4']' does not exist in DOM anymore
For documentation on this error, please visit: https://www.seleniumhq.org/exceptions/stale_element_reference.html
Build info: version: '3.141.59', revision: 'e82be7d358', time: '2018-11-14T08:25:48'
System info: host: 'DESKTOP-HKGVMGB', ip: '192.168.1.105', os.name: 'Windows 10', os.arch: 'amd64', os.version: '10.0', java.version: '1.8.0_202'
Driver info: io.appium.java_client.android.AndroidDriver
Capabilities {appActivity: com.jch.racWiFi.SplashActivity, appPackage: com.jch_hitachi.aircloudglobal, databaseEnabled: false, desired: {appActivity: com.jch.racWiFi.SplashActivity, appPackage: com.jch_hitachi.aircloudglobal, deviceName: My Phone, noReset: true, platformName: android, platformVersion: 10.0, udid: aa179bf0}, deviceApiLevel: 29, deviceManufacturer: OnePlus, deviceModel: GM1911, deviceName: aa179bf0, deviceScreenDensity: 560, deviceScreenSize: 1440x3120, deviceUDID: aa179bf0, javascriptEnabled: true, locationContextEnabled: false, networkConnectionEnabled: true, noReset: true, pixelRatio: 3.5, platform: LINUX, platformName: Android, platformVersion: 10, statBarHeight: 128, takesScreenshot: true, udid: aa179bf0, viewportRect: {height: 2796, left: 0, top: 128, width: 1440}, warnings: {}, webStorageEnabled: false}
Session ID: 34216f57-edf1-4327-ad84-0641b3b39e7e
at org.openqa.selenium.remote.http.W3CHttpResponseCodec.createException(W3CHttpResponseCodec.java:187)
at org.openqa.selenium.remote.http.W3CHttpResponseCodec.decode(W3CHttpResponseCodec.java:122)
at org.openqa.selenium.remote.http.W3CHttpResponseCodec.decode(W3CHttpResponseCodec.java:49)
at org.openqa.selenium.remote.HttpCommandExecutor.execute(HttpCommandExecutor.java:158)
at io.appium.java_client.remote.AppiumCommandExecutor.execute(AppiumCommandExecutor.java:239)
at org.openqa.selenium.remote.RemoteWebDriver.execute(RemoteWebDriver.java:552)
at io.appium.java_client.DefaultGenericMobileDriver.execute(DefaultGenericMobileDriver.java:41)
at io.appium.java_client.AppiumDriver.execute(AppiumDriver.java:1)
at io.appium.java_client.android.AndroidDriver.execute(AndroidDriver.java:1)
at org.openqa.selenium.remote.RemoteWebElement.execute(RemoteWebElement.java:285)
at io.appium.java_client.DefaultGenericMobileElement.execute(DefaultGenericMobileElement.java:45)
at io.appium.java_client.MobileElement.execute(MobileElement.java:1)
at io.appium.java_client.android.AndroidElement.execute(AndroidElement.java:1)
at org.openqa.selenium.remote.RemoteWebElement.click(RemoteWebElement.java:84)
at com.jch.rac.pages.IDUControllerPage.setFanSpeed(IDUControllerPage.java:147)
at com.jch.rac.tests.IDUControllerTest.changeTheIDUModeToCooling(IDUControllerTest.java:77)
at java.util.ArrayList.forEach(Unknown Source)
... Removed 31 stack frames]]>
    </failure>
  </testcase> <!-- changeTheIDUModeToCooling -->
  <testcase name="testMethod" time="0.0" classname="com.jch.rac.tests.IDUControllerTest">
    <ignored/>
  </testcase> <!-- testMethod -->
  <testcase name="getTheListOfDifferentIDUModes" time="0.0" classname="com.jch.rac.tests.IDUControllerTest">
    <ignored/>
  </testcase> <!-- getTheListOfDifferentIDUModes -->
  <testcase name="changeTheIDUModeToFan" time="0.0" classname="com.jch.rac.tests.IDUControllerTest">
    <ignored/>
  </testcase> <!-- changeTheIDUModeToFan -->
  <testcase name="changeTheIDUModeToHeating" time="0.0" classname="com.jch.rac.tests.IDUControllerTest">
    <ignored/>
  </testcase> <!-- changeTheIDUModeToHeating -->
  <testcase name="changeTheIDUModeToAuto" time="0.0" classname="com.jch.rac.tests.IDUControllerTest">
    <ignored/>
  </testcase> <!-- changeTheIDUModeToAuto -->
  <testcase name="changeTheIDUModeToDry" time="0.0" classname="com.jch.rac.tests.IDUControllerTest">
    <ignored/>
  </testcase> <!-- changeTheIDUModeToDry -->
</testsuite> <!-- Default test(failed)(failed)(failed)(failed)(failed)(failed)(failed)(failed)(failed) -->
