<?xml version="1.0" encoding="UTF-8"?>
<!-- Generated by org.testng.reporters.JUnitXMLReporter -->
<testsuite hostname="DESKTOP-HKGVMGB" ignored="6" name="Test" tests="4" failures="0" timestamp="2020-11-24T11:44:25 IST" time="1.873" errors="0">
  <testcase name="@BeforeClass extentConfig" time="0.063" classname="com.jch.rac.configuration.BaseSetUp">
    <failure type="java.lang.NoSuchFieldError" message="configContext">
      <![CDATA[java.lang.NoSuchFieldError: configContext
at com.aventstack.extentreports.reporter.ExtentHtmlReporter.loadDefaultConfig(ExtentHtmlReporter.java:71)
at com.aventstack.extentreports.reporter.ExtentHtmlReporter.<init>(ExtentHtmlReporter.java:57)
at com.aventstack.extentreports.reporter.ExtentHtmlReporter.<init>(ExtentHtmlReporter.java:61)
at com.jch.rac.configuration.BaseSetUp.extentConfig(BaseSetUp.java:65)
at java.util.ArrayList.forEach(ArrayList.java:1257)
... Removed 25 stack frames]]>
    </failure>
  </testcase> <!-- @BeforeClass extentConfig -->
  <testcase name="@AfterMethod getResult" time="-1.606198464828E9" classname="com.jch.rac.configuration.BaseSetUp">
    <skipped/>
  </testcase> <!-- @AfterMethod getResult -->
  <testcase name="@AfterClass extentFlushTest" time="-1.606198464856E9" classname="com.jch.rac.configuration.BaseSetUp">
    <skipped/>
  </testcase> <!-- @AfterClass extentFlushTest -->
  <testcase name="@BeforeClass extentConfig" time="0.001" classname="com.jch.rac.configuration.BaseSetUp">
    <failure type="java.lang.NoSuchFieldError" message="configContext">
      <![CDATA[java.lang.NoSuchFieldError: configContext
at com.aventstack.extentreports.reporter.ExtentHtmlReporter.loadDefaultConfig(ExtentHtmlReporter.java:71)
at com.aventstack.extentreports.reporter.ExtentHtmlReporter.<init>(ExtentHtmlReporter.java:57)
at com.aventstack.extentreports.reporter.ExtentHtmlReporter.<init>(ExtentHtmlReporter.java:61)
at com.jch.rac.configuration.BaseSetUp.extentConfig(BaseSetUp.java:65)
at java.util.ArrayList.forEach(ArrayList.java:1257)
... Removed 25 stack frames]]>
    </failure>
  </testcase> <!-- @BeforeClass extentConfig -->
  <testcase name="@AfterMethod getResult" time="-1.606198464905E9" classname="com.jch.rac.configuration.BaseSetUp">
    <skipped/>
  </testcase> <!-- @AfterMethod getResult -->
  <testcase name="@AfterClass extentFlushTest" time="-1.606198464908E9" classname="com.jch.rac.configuration.BaseSetUp">
    <skipped/>
  </testcase> <!-- @AfterClass extentFlushTest -->
  <testcase name="@BeforeClass extentConfig" time="0.001" classname="com.jch.rac.configuration.BaseSetUp">
    <failure type="java.lang.NoSuchFieldError" message="configContext">
      <![CDATA[java.lang.NoSuchFieldError: configContext
at com.aventstack.extentreports.reporter.ExtentHtmlReporter.loadDefaultConfig(ExtentHtmlReporter.java:71)
at com.aventstack.extentreports.reporter.ExtentHtmlReporter.<init>(ExtentHtmlReporter.java:57)
at com.aventstack.extentreports.reporter.ExtentHtmlReporter.<init>(ExtentHtmlReporter.java:61)
at com.jch.rac.configuration.BaseSetUp.extentConfig(BaseSetUp.java:65)
at java.util.ArrayList.forEach(ArrayList.java:1257)
... Removed 25 stack frames]]>
    </failure>
  </testcase> <!-- @BeforeClass extentConfig -->
  <testcase name="@AfterMethod getResult" time="-1.606198464979E9" classname="com.jch.rac.configuration.BaseSetUp">
    <skipped/>
  </testcase> <!-- @AfterMethod getResult -->
  <testcase name="@AfterClass extentFlushTest" time="-1.606198465046E9" classname="com.jch.rac.configuration.BaseSetUp">
    <skipped/>
  </testcase> <!-- @AfterClass extentFlushTest -->
  <testcase name="@BeforeClass extentConfig" time="0.0" classname="com.jch.rac.configuration.BaseSetUp">
    <failure type="java.lang.NoSuchFieldError" message="configContext">
      <![CDATA[java.lang.NoSuchFieldError: configContext
at com.aventstack.extentreports.reporter.ExtentHtmlReporter.loadDefaultConfig(ExtentHtmlReporter.java:71)
at com.aventstack.extentreports.reporter.ExtentHtmlReporter.<init>(ExtentHtmlReporter.java:57)
at com.aventstack.extentreports.reporter.ExtentHtmlReporter.<init>(ExtentHtmlReporter.java:61)
at com.jch.rac.configuration.BaseSetUp.extentConfig(BaseSetUp.java:65)
at java.util.ArrayList.forEach(ArrayList.java:1257)
... Removed 25 stack frames]]>
    </failure>
  </testcase> <!-- @BeforeClass extentConfig -->
  <testcase name="@AfterMethod getResult" time="-1.606198465168E9" classname="com.jch.rac.configuration.BaseSetUp">
    <skipped/>
  </testcase> <!-- @AfterMethod getResult -->
  <testcase name="@AfterClass extentFlushTest" time="-1.606198465173E9" classname="com.jch.rac.configuration.BaseSetUp">
    <skipped/>
  </testcase> <!-- @AfterClass extentFlushTest -->
  <testcase name="selectLanguage" time="0.0" classname="com.jch.rac.tests.LanguageSelectionTest">
    <skipped/>
  </testcase> <!-- selectLanguage -->
  <testcase name="navigatingThroughIntroductionScreen" time="0.0" classname="com.jch.rac.tests.IntroductionScreenTest">
    <skipped/>
  </testcase> <!-- navigatingThroughIntroductionScreen -->
  <testcase name="acceptingPrivacy" time="0.0" classname="com.jch.rac.tests.PrivacyPolicyTest">
    <skipped/>
  </testcase> <!-- acceptingPrivacy -->
  <testcase name="userLoginWithEmailAddress" time="0.0" classname="com.jch.rac.tests.LoginTest">
    <skipped/>
  </testcase> <!-- userLoginWithEmailAddress -->
  <testcase name="@BeforeSuite androidPhoneConfiguration" time="0.0" classname="com.jch.rac.configuration.BaseSetUp">
    <ignored/>
  </testcase> <!-- @BeforeSuite androidPhoneConfiguration -->
  <testcase name="@BeforeSuite androidPhoneConfiguration" time="0.0" classname="com.jch.rac.configuration.BaseSetUp">
    <ignored/>
  </testcase> <!-- @BeforeSuite androidPhoneConfiguration -->
  <testcase name="@BeforeSuite androidPhoneConfiguration" time="0.0" classname="com.jch.rac.configuration.BaseSetUp">
    <ignored/>
  </testcase> <!-- @BeforeSuite androidPhoneConfiguration -->
  <testcase name="@AfterSuite tearDown" time="0.0" classname="com.jch.rac.configuration.BaseSetUp">
    <ignored/>
  </testcase> <!-- @AfterSuite tearDown -->
  <testcase name="@AfterSuite tearDown" time="0.0" classname="com.jch.rac.configuration.BaseSetUp">
    <ignored/>
  </testcase> <!-- @AfterSuite tearDown -->
  <testcase name="@AfterSuite tearDown" time="0.0" classname="com.jch.rac.configuration.BaseSetUp">
    <ignored/>
  </testcase> <!-- @AfterSuite tearDown -->
</testsuite> <!-- Test -->
