<?xml version="1.0" encoding="UTF-8"?>
<!-- Generated by org.testng.reporters.JUnitXMLReporter -->
<testsuite hostname="DESKTOP-HKGVMGB" ignored="6" name="Test" tests="3" failures="0" timestamp="2020-11-20T12:28:01 IST" time="99.317" errors="0">
  <testcase name="selectLanguage" time="24.265" classname="com.jch.rac.tests.LanguageSelectionTest"/>
  <testcase name="navigatingThroughIntroductionScreen" time="20.679" classname="com.jch.rac.tests.IntroductionScreenTest"/>
  <testcase name="acceptingPrivacy" time="21.183" classname="com.jch.rac.tests.PrivacyPolicyTest"/>
  <testcase name="@BeforeSuite androidPhoneConfiguration" time="0.0" classname="com.jch.rac.configuration.BaseSetUp">
    <ignored/>
  </testcase> <!-- @BeforeSuite androidPhoneConfiguration -->
  <testcase name="@BeforeSuite androidPhoneConfiguration" time="0.0" classname="com.jch.rac.configuration.BaseSetUp">
    <ignored/>
  </testcase> <!-- @BeforeSuite androidPhoneConfiguration -->
  <testcase name="@BeforeSuite androidPhoneConfiguration" time="0.0" classname="com.jch.rac.configuration.BaseSetUp">
    <ignored/>
  </testcase> <!-- @BeforeSuite androidPhoneConfiguration -->
  <testcase name="@AfterSuite tearDown" time="0.0" classname="com.jch.rac.configuration.BaseSetUp">
    <ignored/>
  </testcase> <!-- @AfterSuite tearDown -->
  <testcase name="@AfterSuite tearDown" time="0.0" classname="com.jch.rac.configuration.BaseSetUp">
    <ignored/>
  </testcase> <!-- @AfterSuite tearDown -->
  <testcase name="@AfterSuite tearDown" time="0.0" classname="com.jch.rac.configuration.BaseSetUp">
    <ignored/>
  </testcase> <!-- @AfterSuite tearDown -->
</testsuite> <!-- Test -->
