<?xml version="1.0" encoding="UTF-8"?>
<!-- Generated by org.testng.reporters.JUnitXMLReporter -->
<testsuite hostname="DESKTOP-HKGVMGB" ignored="9" name="Default test(failed)(failed)(failed)" tests="1" failures="0" timestamp="2020-04-05T14:00:36 IST" time="90.662" errors="0">
  <testcase name="setTimer" time="71.305" classname="com.jch.rac.tests.IDUControllerTest"/>
  <testcase name="testMethod" time="0.0" classname="com.jch.rac.tests.IDUControllerTest">
    <ignored/>
  </testcase> <!-- testMethod -->
  <testcase name="getTheListOfDifferentIDUModes" time="0.0" classname="com.jch.rac.tests.IDUControllerTest">
    <ignored/>
  </testcase> <!-- getTheListOfDifferentIDUModes -->
  <testcase name="changeTheIDUModeToFan" time="0.0" classname="com.jch.rac.tests.IDUControllerTest">
    <ignored/>
  </testcase> <!-- changeTheIDUModeToFan -->
  <testcase name="changeTheIDUModeToHeating" time="0.0" classname="com.jch.rac.tests.IDUControllerTest">
    <ignored/>
  </testcase> <!-- changeTheIDUModeToHeating -->
  <testcase name="setFanSpeed" time="0.0" classname="com.jch.rac.tests.IDUControllerTest">
    <ignored/>
  </testcase> <!-- setFanSpeed -->
  <testcase name="setSwingType" time="0.0" classname="com.jch.rac.tests.IDUControllerTest">
    <ignored/>
  </testcase> <!-- setSwingType -->
  <testcase name="changeTheIDUModeToAuto" time="0.0" classname="com.jch.rac.tests.IDUControllerTest">
    <ignored/>
  </testcase> <!-- changeTheIDUModeToAuto -->
  <testcase name="changeTheIDUModeToCooling" time="0.0" classname="com.jch.rac.tests.IDUControllerTest">
    <ignored/>
  </testcase> <!-- changeTheIDUModeToCooling -->
  <testcase name="changeTheIDUModeToDry" time="0.0" classname="com.jch.rac.tests.IDUControllerTest">
    <ignored/>
  </testcase> <!-- changeTheIDUModeToDry -->
</testsuite> <!-- Default test(failed)(failed)(failed) -->
